  Product.cpp
c:\users\leanj\documents\seneca\oop244\labs\milestones\ms3\product.cpp(75): warning C4996: 'strcpy': This function or variable may be unsafe. Consider using strcpy_s instead. To disable deprecation, use _CRT_SECURE_NO_WARNINGS. See online help for details.
  c:\program files (x86)\windows kits\10\include\10.0.16299.0\ucrt\string.h(132): note: see declaration of 'strcpy'
c:\users\leanj\documents\seneca\oop244\labs\milestones\ms3\product.cpp(76): warning C4996: 'strcpy': This function or variable may be unsafe. Consider using strcpy_s instead. To disable deprecation, use _CRT_SECURE_NO_WARNINGS. See online help for details.
  c:\program files (x86)\windows kits\10\include\10.0.16299.0\ucrt\string.h(132): note: see declaration of 'strcpy'
c:\users\leanj\documents\seneca\oop244\labs\milestones\ms3\product.cpp(99): warning C4996: 'strcpy': This function or variable may be unsafe. Consider using strcpy_s instead. To disable deprecation, use _CRT_SECURE_NO_WARNINGS. See online help for details.
  c:\program files (x86)\windows kits\10\include\10.0.16299.0\ucrt\string.h(132): note: see declaration of 'strcpy'
c:\users\leanj\documents\seneca\oop244\labs\milestones\ms3\product.cpp(100): warning C4996: 'strcpy': This function or variable may be unsafe. Consider using strcpy_s instead. To disable deprecation, use _CRT_SECURE_NO_WARNINGS. See online help for details.
  c:\program files (x86)\windows kits\10\include\10.0.16299.0\ucrt\string.h(132): note: see declaration of 'strcpy'
c:\users\leanj\documents\seneca\oop244\labs\milestones\ms3\product.cpp(250): warning C4996: 'strcpy': This function or variable may be unsafe. Consider using strcpy_s instead. To disable deprecation, use _CRT_SECURE_NO_WARNINGS. See online help for details.
  c:\program files (x86)\windows kits\10\include\10.0.16299.0\ucrt\string.h(132): note: see declaration of 'strcpy'
c:\users\leanj\documents\seneca\oop244\labs\milestones\ms3\product.cpp(251): warning C4996: 'strcpy': This function or variable may be unsafe. Consider using strcpy_s instead. To disable deprecation, use _CRT_SECURE_NO_WARNINGS. See online help for details.
  c:\program files (x86)\windows kits\10\include\10.0.16299.0\ucrt\string.h(132): note: see declaration of 'strcpy'
c:\users\leanj\documents\seneca\oop244\labs\milestones\ms3\product.cpp(252): warning C4996: 'strcpy': This function or variable may be unsafe. Consider using strcpy_s instead. To disable deprecation, use _CRT_SECURE_NO_WARNINGS. See online help for details.
  c:\program files (x86)\windows kits\10\include\10.0.16299.0\ucrt\string.h(132): note: see declaration of 'strcpy'
c:\users\leanj\documents\seneca\oop244\labs\milestones\ms3\product.cpp(274): warning C4101: 'total': unreferenced local variable
  Generating Code...
  Skipping... (no relevant changes detected)
  ms3_tester.cpp
  MyProduct.cpp
Product.obj : error LNK2019: unresolved external symbol "public: __thiscall AMA::ErrorState::ErrorState(char const *)" (??0ErrorState@AMA@@QAE@PBD@Z) referenced in function "public: __thiscall AMA::Product::Product(class AMA::Product const &)" (??0Product@AMA@@QAE@ABV01@@Z)
Product.obj : error LNK2019: unresolved external symbol "public: virtual __thiscall AMA::ErrorState::~ErrorState(void)" (??1ErrorState@AMA@@UAE@XZ) referenced in function __unwindfunclet$??0Product@AMA@@QAE@ABV01@@Z$0
Product.obj : error LNK2019: unresolved external symbol "public: void __thiscall AMA::ErrorState::clear(void)" (?clear@ErrorState@AMA@@QAEXXZ) referenced in function "public: __thiscall AMA::Product::~Product(void)" (??1Product@AMA@@QAE@XZ)
Product.obj : error LNK2019: unresolved external symbol "public: bool __thiscall AMA::ErrorState::isClear(void)const " (?isClear@ErrorState@AMA@@QBE_NXZ) referenced in function "protected: bool __thiscall AMA::Product::isClear(void)const " (?isClear@Product@AMA@@IBE_NXZ)
Product.obj : error LNK2019: unresolved external symbol "public: void __thiscall AMA::ErrorState::message(char const *)" (?message@ErrorState@AMA@@QAEXPBD@Z) referenced in function "public: class AMA::Product & __thiscall AMA::Product::operator=(class AMA::Product const &)" (??4Product@AMA@@QAEAAV01@ABV01@@Z)
Product.obj : error LNK2019: unresolved external symbol "public: char const * __thiscall AMA::ErrorState::message(void)const " (?message@ErrorState@AMA@@QBEPBDXZ) referenced in function "public: class AMA::Product & __thiscall AMA::Product::operator=(class AMA::Product const &)" (??4Product@AMA@@QAEAAV01@ABV01@@Z)
C:\Users\leanj\Documents\Seneca\OOP244\Labs\Milestones\MS3\Debug\MS3.exe : fatal error LNK1120: 6 unresolved externals
